<?xml version="1.0" encoding="UTF-8"?>
<!-- Generated by org.testng.reporters.JUnitReportReporter -->
<testsuite hostname="LAPTOP-SIRHIF0P" failures="0" tests="3" name="com.tutorialsNinjaTestcases.LoginTest" time="57.061" errors="0" timestamp="2023-04-08T12:27:19 IST" skipped="0">
  <testcase classname="com.tutorialsNinjaTestcases.LoginTest" name="verifyLoginWithValidCredentials" time="20.144"/>
  <system-out/>
  <testcase classname="com.tutorialsNinjaTestcases.LoginTest" name="verifyLoginWithValidCredentials" time="19.577"/>
  <system-out/>
  <testcase classname="com.tutorialsNinjaTestcases.LoginTest" name="verifyLoginWithInvalidCredentials" time="17.340"/>
  <system-out/>
</testsuite> <!-- com.tutorialsNinjaTestcases.LoginTest -->
