<?xml version="1.0" encoding="UTF-8"?>
<!-- Generated by org.testng.reporters.JUnitReportReporter -->
<testsuite hostname="LAPTOP-SIRHIF0P" failures="0" tests="4" name="com.tutorialsNinjaTestcases.RegisterTest" time="68.667" errors="0" timestamp="2023-04-08T12:27:19 IST" skipped="0">
  <testcase classname="com.tutorialsNinjaTestcases.RegisterTest" name="verifyRegisteringAccountWithMandotoryFields" time="17.592"/>
  <system-out/>
  <testcase classname="com.tutorialsNinjaTestcases.RegisterTest" name="verifyRegisteringAccountByProvidingAllFields" time="14.776"/>
  <system-out/>
  <testcase classname="com.tutorialsNinjaTestcases.RegisterTest" name="verifyRegisteringWithExistingEmailAddress" time="18.274"/>
  <system-out/>
  <testcase classname="com.tutorialsNinjaTestcases.RegisterTest" name="verifyRegisteringWithEmptyFields" time="18.025"/>
  <system-out/>
</testsuite> <!-- com.tutorialsNinjaTestcases.RegisterTest -->
