<?xml version="1.0" encoding="UTF-8"?>
<!-- Generated by org.testng.reporters.JUnitReportReporter -->
<testsuite hostname="LAPTOP-SIRHIF0P" failures="0" tests="3" name="com.tutorialsNinjaTestcases.SearchTest" time="54.650" errors="0" timestamp="2023-04-08T12:27:19 IST" skipped="0">
  <testcase classname="com.tutorialsNinjaTestcases.SearchTest" name="verifySearchWithValidProduct" time="23.643"/>
  <system-out/>
  <testcase classname="com.tutorialsNinjaTestcases.SearchTest" name="verifySearchWithInvalidProduct" time="12.269"/>
  <system-out/>
  <testcase classname="com.tutorialsNinjaTestcases.SearchTest" name="verifySearchWithoutAnyProduct" time="18.738"/>
  <system-out/>
</testsuite> <!-- com.tutorialsNinjaTestcases.SearchTest -->
